<?xml version="1.0" encoding="UTF-8"?>
<!-- Generated by org.testng.reporters.JUnitReportReporter -->
<testsuite hostname="DESKTOP-MVJ2LAG" failures="0" tests="3" name="pack123.TestClass" time="22.671" errors="0" timestamp="2022-02-21T12:31:49 IST" skipped="0">
  <testcase classname="pack123.TestClass" name="test1" time="4.970"/>
  <system-out/>
  <testcase classname="pack123.TestClass" name="test2" time="6.268"/>
  <system-out/>
  <testcase classname="pack123.TestClass" name="test" time="11.433"/>
  <system-out/>
</testsuite> <!-- pack123.TestClass -->
