<?xml version="1.0" encoding="UTF-8"?>
<!-- Generated by org.testng.reporters.JUnitReportReporter -->
<testsuite hostname="DESKTOP-MVJ2LAG" failures="0" tests="6" name="pack123.VerifyApplicationHeaders" time="104.429" errors="0" timestamp="2022-03-10T19:46:13 IST" skipped="0">
  <testcase classname="pack123.VerifyApplicationHeaders" name="verifyUserPage" time="7.021"/>
  <system-out/>
  <testcase classname="pack123.VerifyApplicationHeaders" name="verifyReportsPage" time="6.387"/>
  <system-out/>
  <testcase classname="pack123.VerifyApplicationHeaders" name="verifyUserPage" time="16.295"/>
  <system-out/>
  <testcase classname="pack123.VerifyApplicationHeaders" name="verifyReportsPage" time="40.733"/>
  <system-out/>
  <testcase classname="pack123.VerifyApplicationHeaders" name="verifyTaskPage" time="12.391"/>
  <system-out/>
  <testcase classname="pack123.VerifyApplicationHeaders" name="verifyTaskPage" time="21.602"/>
  <system-out/>
</testsuite> <!-- pack123.VerifyApplicationHeaders -->
