<?xml version="1.0" encoding="UTF-8"?>
<!-- Generated by org.testng.reporters.JUnitReportReporter -->
<testsuite hostname="DESKTOP-MVJ2LAG" failures="0" tests="2" name="pack.TestClass12" time="81.967" errors="0" timestamp="2022-02-21T22:13:35 IST" skipped="0">
  <testcase classname="pack.TestClass12" name="test" time="47.855"/>
  <system-out/>
  <testcase classname="pack.TestClass12" name="test1" time="34.112"/>
  <system-out/>
</testsuite> <!-- pack.TestClass12 -->
